[debug] [2025-06-30T02:46:19.405Z] ----------------------------------------------------------------------
[debug] [2025-06-30T02:46:19.410Z] Command:       C:\Program Files\nodejs\node.exe C:\Users\Earl Mike Romanillos\AppData\Roaming\npm\node_modules\firebase-tools\lib\bin\firebase.js init
[debug] [2025-06-30T02:46:19.411Z] CLI Version:   14.9.0
[debug] [2025-06-30T02:46:19.411Z] Platform:      win32
[debug] [2025-06-30T02:46:19.411Z] Node Version:  v22.12.0
[debug] [2025-06-30T02:46:19.412Z] Time:          Mon Jun 30 2025 10:46:19 GMT+0800 (Philippine Standard Time)
[debug] [2025-06-30T02:46:19.412Z] ----------------------------------------------------------------------
[debug] 
[debug] [2025-06-30T02:46:19.423Z] > command requires scopes: ["email","openid","https://www.googleapis.com/auth/cloudplatformprojects.readonly","https://www.googleapis.com/auth/firebase","https://www.googleapis.com/auth/cloud-platform"]
[debug] [2025-06-30T02:46:19.424Z] > authorizing via signed-in user (rlscccl3@gmail.com)
[info] 
     ######## #### ########  ######## ########     ###     ######  ########
     ##        ##  ##     ## ##       ##     ##  ##   ##  ##       ##
     ######    ##  ########  ######   ########  #########  ######  ######
     ##        ##  ##    ##  ##       ##     ## ##     ##       ## ##
     ##       #### ##     ## ######## ########  ##     ##  ######  ########

You're about to initialize a Firebase project in this directory:

  C:\Users\Earl Mike Romanillos\E-DepCheck

[info] 
=== Project Setup
[info] 
[info] First, let's associate this project directory with a Firebase project.
[info] You can create multiple project aliases by running firebase use --add, 
[info] but for now we'll just set up a default project.
[info] 
[debug] [2025-06-30T02:52:46.837Z] Checked if tokens are valid: true, expires at: 1751255165064
[debug] [2025-06-30T02:52:46.838Z] Checked if tokens are valid: true, expires at: 1751255165064
[debug] [2025-06-30T02:52:46.843Z] >>> [apiv2][query] GET https://firebase.googleapis.com/v1beta1/projects pageSize=100
[debug] [2025-06-30T02:52:49.294Z] <<< [apiv2][status] GET https://firebase.googleapis.com/v1beta1/projects 200
[debug] [2025-06-30T02:52:49.294Z] <<< [apiv2][body] GET https://firebase.googleapis.com/v1beta1/projects [omitted]
[info] i  Using project edepcheck (EDepCheck) 
[info] 
=== Hosting Setup
[debug] [2025-06-30T02:52:52.966Z] Checked if tokens are valid: true, expires at: 1751255165064
[debug] [2025-06-30T02:52:52.966Z] Checked if tokens are valid: true, expires at: 1751255165064
[debug] [2025-06-30T02:52:52.966Z] >>> [apiv2][query] GET https://firebase.googleapis.com/v1beta1/projects/edepcheck [none]
[debug] [2025-06-30T02:52:54.726Z] <<< [apiv2][status] GET https://firebase.googleapis.com/v1beta1/projects/edepcheck 200
[debug] [2025-06-30T02:52:54.727Z] <<< [apiv2][body] GET https://firebase.googleapis.com/v1beta1/projects/edepcheck {"projectId":"edepcheck","projectNumber":"680616846449","displayName":"EDepCheck","name":"projects/edepcheck","resources":{"hostingSite":"edepcheck"},"state":"ACTIVE","etag":"1_92870f53-6286-44a2-a05c-e4cdaf11671f"}
[info] 
[info] Your public directory is the folder (relative to your project directory) that
[info] will contain Hosting assets to be uploaded with firebase deploy. If you
[info] have a build process for your assets, use your build's output directory.
[info] 
[debug] [2025-06-30T02:53:04.896Z] >>> [apiv2][query] GET https://www.gstatic.com/firebasejs/releases.json [none]
[debug] [2025-06-30T02:53:06.854Z] <<< [apiv2][status] GET https://www.gstatic.com/firebasejs/releases.json 200
[debug] [2025-06-30T02:53:06.854Z] <<< [apiv2][body] GET https://www.gstatic.com/firebasejs/releases.json {"current":{"version":"11.9.1","browserURL":"https://www.gstatic.com/firebasejs/11.9.1/firebase.js","packageURL":"https://www.gstatic.com/firebasejs/11.9.1/firebase.tgz"},"live":{"version":"11.9","browserURL":"https://www.gstatic.com/firebasejs/live/11.9/firebase.js","packageURL":"https://www.gstatic.com/firebasejs/live/11.9/firebase.tgz"},"components":{"ai":"https://www.gstatic.com/firebasejs/11.9.1/firebase-ai.js","analytics":"https://www.gstatic.com/firebasejs/11.9.1/firebase-analytics.js","app":"https://www.gstatic.com/firebasejs/11.9.1/firebase-app.js","app-check":"https://www.gstatic.com/firebasejs/11.9.1/firebase-app-check.js","auth":"https://www.gstatic.com/firebasejs/11.9.1/firebase-auth.js","auth/cordova":"https://www.gstatic.com/firebasejs/11.9.1/firebase-auth/cordova.js","auth/web-extension":"https://www.gstatic.com/firebasejs/11.9.1/firebase-auth/web-extension.js","functions":"https://www.gstatic.com/firebasejs/11.9.1/firebase-functions.js","firestore":"https://www.gstatic.com/firebasejs/11.9.1/firebase-firestore.js","firestore/lite":"https://www.gstatic.com/firebasejs/11.9.1/firebase-firestore/lite.js","installations":"https://www.gstatic.com/firebasejs/11.9.1/firebase-installations.js","storage":"https://www.gstatic.com/firebasejs/11.9.1/firebase-storage.js","performance":"https://www.gstatic.com/firebasejs/11.9.1/firebase-performance.js","remote-config":"https://www.gstatic.com/firebasejs/11.9.1/firebase-remote-config.js","messaging":"https://www.gstatic.com/firebasejs/11.9.1/firebase-messaging.js","messaging/sw":"https://www.gstatic.com/firebasejs/11.9.1/firebase-messaging/sw.js","database":"https://www.gstatic.com/firebasejs/11.9.1/firebase-database.js","vertexai":"https://www.gstatic.com/firebasejs/11.9.1/firebase-vertexai.js","data-connect":"https://www.gstatic.com/firebasejs/11.9.1/firebase-data-connect.js","firestore.memory":"https://www.gstatic.com/firebasejs/11.9.1/firebase-firestore.memory.js"}}
[info] +  Wrote public/index.html 
[info] 
[info] i  Detected a .git folder at C:\Users\Earl Mike Romanillos\E-DepCheck 
[info] i  Authorizing with GitHub to upload your service account to a GitHub repository's secrets store. 
[info] 
[info] Visit this URL on this device to log in:
[info] https://github.com/login/oauth/authorize?client_id=89cf50f02ac6aaed3484&state=555830266&redirect_uri=http%3A%2F%2Flocalhost%3A9005&scope=read%3Auser%20repo%20public_repo
[info] 
[info] Waiting for authentication...
[debug] [2025-06-30T02:53:24.001Z] >>> [apiv2][query] POST https://github.com/login/oauth/access_token [none]
[debug] [2025-06-30T02:53:24.002Z] >>> [apiv2][body] POST https://github.com/login/oauth/access_token [stream]
[debug] [2025-06-30T02:53:25.007Z] <<< [apiv2][status] POST https://github.com/login/oauth/access_token 200
[debug] [2025-06-30T02:53:25.007Z] <<< [apiv2][body] POST https://github.com/login/oauth/access_token {"access_token":"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","token_type":"bearer","scope":"read:user,repo"}
[debug] [2025-06-30T02:53:25.025Z] >>> [apiv2][query] GET https://api.github.com/user [none]
[debug] [2025-06-30T02:53:25.914Z] <<< [apiv2][status] GET https://api.github.com/user 200
[debug] [2025-06-30T02:53:25.915Z] <<< [apiv2][body] GET https://api.github.com/user {"login":"lorinkit","id":182589521,"node_id":"U_kgDOCuIYUQ","avatar_url":"https://avatars.githubusercontent.com/u/182589521?v=4","gravatar_id":"","url":"https://api.github.com/users/lorinkit","html_url":"https://github.com/lorinkit","followers_url":"https://api.github.com/users/lorinkit/followers","following_url":"https://api.github.com/users/lorinkit/following{/other_user}","gists_url":"https://api.github.com/users/lorinkit/gists{/gist_id}","starred_url":"https://api.github.com/users/lorinkit/starred{/owner}{/repo}","subscriptions_url":"https://api.github.com/users/lorinkit/subscriptions","organizations_url":"https://api.github.com/users/lorinkit/orgs","repos_url":"https://api.github.com/users/lorinkit/repos","events_url":"https://api.github.com/users/lorinkit/events{/privacy}","received_events_url":"https://api.github.com/users/lorinkit/received_events","type":"User","user_view_type":"private","site_admin":false,"name":"Kate Lorreine M. Colot","company":null,"blog":"","location":null,"email":null,"hireable":null,"bio":null,"twitter_username":null,"notification_email":null,"public_repos":6,"public_gists":0,"followers":0,"following":0,"created_at":"2024-09-24T03:45:30Z","updated_at":"2025-06-20T06:31:38Z","private_gists":0,"total_private_repos":2,"owned_private_repos":2,"disk_usage":10401,"collaborators":0,"two_factor_authentication":false,"plan":{"name":"free","space":976562499,"collaborators":0,"private_repos":10000}}
[info] 
[info] +  Success! Logged into GitHub as lorinkit 
[info] 
[debug] [2025-06-30T02:53:31.206Z] >>> [apiv2][query] GET https://api.github.com/repos//actions/secrets/public-key type=owner
[debug] [2025-06-30T02:53:34.376Z] <<< [apiv2][status] GET https://api.github.com/repos//actions/secrets/public-key 404
[debug] [2025-06-30T02:53:34.376Z] <<< [apiv2][body] GET https://api.github.com/repos//actions/secrets/public-key {"message":"Not Found","documentation_url":"https://docs.github.com/rest","status":"404"}
[info] 
[info] 
[error] !  The provided authorization cannot be used with this repository. If this repository is in an organization, did you remember to grant access? 
[info] 
[info] i  Action required: Visit this URL to ensure access has been granted to the appropriate organization(s) for the Firebase CLI GitHub OAuth App: 
[info] https://github.com/settings/connections/applications/89cf50f02ac6aaed3484
[info] 
